{"C:\\Users\\ADMIN\\Desktop\\filmCrate\\app.js": {"path":"C:\\Users\\ADMIN\\Desktop\\filmCrate\\app.js","statementMap":{"0":{"start":{"line":1,"column":0},"end":{"line":1,"column":27}},"1":{"start":{"line":2,"column":16},"end":{"line":2,"column":34}},"2":{"start":{"line":3,"column":13},"end":{"line":3,"column":28}},"3":{"start":{"line":4,"column":17},"end":{"line":4,"column":36}},"4":{"start":{"line":5,"column":20},"end":{"line":5,"column":51}},"5":{"start":{"line":6,"column":21},"end":{"line":6,"column":53}},"6":{"start":{"line":7,"column":22},"end":{"line":7,"column":55}},"7":{"start":{"line":8,"column":25},"end":{"line":8,"column":61}},"8":{"start":{"line":9,"column":23},"end":{"line":9,"column":52}},"9":{"start":{"line":13,"column":2},"end":{"line":15,"column":24}},"10":{"start":{"line":17,"column":0},"end":{"line":22,"column":79}},"11":{"start":{"line":20,"column":24},"end":{"line":20,"column":114}},"12":{"start":{"line":22,"column":38},"end":{"line":22,"column":77}},"13":{"start":{"line":24,"column":12},"end":{"line":24,"column":21}},"14":{"start":{"line":26,"column":0},"end":{"line":26,"column":16}},"15":{"start":{"line":28,"column":0},"end":{"line":28,"column":24}},"16":{"start":{"line":29,"column":0},"end":{"line":29,"column":34}},"17":{"start":{"line":31,"column":0},"end":{"line":33,"column":3}},"18":{"start":{"line":32,"column":2},"end":{"line":32,"column":25}},"19":{"start":{"line":35,"column":0},"end":{"line":35,"column":31}},"20":{"start":{"line":37,"column":0},"end":{"line":37,"column":45}},"21":{"start":{"line":39,"column":0},"end":{"line":39,"column":46}},"22":{"start":{"line":41,"column":0},"end":{"line":41,"column":52}},"23":{"start":{"line":44,"column":0},"end":{"line":49,"column":3}},"24":{"start":{"line":45,"column":2},"end":{"line":45,"column":21}},"25":{"start":{"line":46,"column":2},"end":{"line":47,"column":53}},"26":{"start":{"line":46,"column":38},"end":{"line":46,"column":54}},"27":{"start":{"line":47,"column":7},"end":{"line":47,"column":53}},"28":{"start":{"line":47,"column":37},"end":{"line":47,"column":53}},"29":{"start":{"line":48,"column":2},"end":{"line":48,"column":35}},"30":{"start":{"line":52,"column":0},"end":{"line":54,"column":3}},"31":{"start":{"line":53,"column":2},"end":{"line":53,"column":52}},"32":{"start":{"line":57,"column":0},"end":{"line":64,"column":21}},"33":{"start":{"line":64,"column":38},"end":{"line":64,"column":36934}},"34":{"start":{"line":64,"column":42},"end":{"line":64,"column":36923}},"35":{"start":{"line":64,"column":36959},"end":{"line":64,"column":36999}},"36":{"start":{"line":64,"column":36963},"end":{"line":64,"column":36988}},"37":{"start":{"line":64,"column":37000},"end":{"line":64,"column":37008}},"38":{"start":{"line":64,"column":37033},"end":{"line":64,"column":37075}},"39":{"start":{"line":64,"column":37037},"end":{"line":64,"column":37064}},"40":{"start":{"line":64,"column":37076},"end":{"line":64,"column":37084}},"41":{"start":{"line":64,"column":37103},"end":{"line":64,"column":37140}},"42":{"start":{"line":64,"column":37107},"end":{"line":64,"column":37129}},"43":{"start":{"line":64,"column":37159},"end":{"line":64,"column":37199}},"44":{"start":{"line":64,"column":37163},"end":{"line":64,"column":37188}}},"fnMap":{"0":{"name":"(anonymous_0)","decl":{"start":{"line":19,"column":8},"end":{"line":19,"column":9}},"loc":{"start":{"line":19,"column":14},"end":{"line":21,"column":3}},"line":19},"1":{"name":"(anonymous_1)","decl":{"start":{"line":22,"column":9},"end":{"line":22,"column":10}},"loc":{"start":{"line":22,"column":38},"end":{"line":22,"column":77}},"line":22},"2":{"name":"(anonymous_2)","decl":{"start":{"line":31,"column":13},"end":{"line":31,"column":14}},"loc":{"start":{"line":31,"column":27},"end":{"line":33,"column":1}},"line":31},"3":{"name":"(anonymous_3)","decl":{"start":{"line":44,"column":8},"end":{"line":44,"column":9}},"loc":{"start":{"line":44,"column":33},"end":{"line":49,"column":1}},"line":44},"4":{"name":"(anonymous_4)","decl":{"start":{"line":52,"column":8},"end":{"line":52,"column":9}},"loc":{"start":{"line":52,"column":22},"end":{"line":54,"column":1}},"line":52},"5":{"name":"oo_cm","decl":{"start":{"line":64,"column":30},"end":{"line":64,"column":35}},"loc":{"start":{"line":64,"column":37},"end":{"line":64,"column":36935}},"line":64},"6":{"name":"oo_oo","decl":{"start":{"line":64,"column":36945},"end":{"line":64,"column":36950}},"loc":{"start":{"line":64,"column":36958},"end":{"line":64,"column":37009}},"line":64},"7":{"name":"oo_tr","decl":{"start":{"line":64,"column":37019},"end":{"line":64,"column":37024}},"loc":{"start":{"line":64,"column":37032},"end":{"line":64,"column":37085}},"line":64},"8":{"name":"oo_ts","decl":{"start":{"line":64,"column":37095},"end":{"line":64,"column":37100}},"loc":{"start":{"line":64,"column":37102},"end":{"line":64,"column":37141}},"line":64},"9":{"name":"oo_te","decl":{"start":{"line":64,"column":37151},"end":{"line":64,"column":37156}},"loc":{"start":{"line":64,"column":37158},"end":{"line":64,"column":37200}},"line":64}},"branchMap":{"0":{"loc":{"start":{"line":13,"column":2},"end":{"line":15,"column":24}},"type":"cond-expr","locations":[{"start":{"line":14,"column":6},"end":{"line":14,"column":29}},{"start":{"line":15,"column":6},"end":{"line":15,"column":24}}],"line":13},"1":{"loc":{"start":{"line":46,"column":2},"end":{"line":47,"column":53}},"type":"if","locations":[{"start":{"line":46,"column":2},"end":{"line":47,"column":53}},{"start":{"line":47,"column":7},"end":{"line":47,"column":53}}],"line":46},"2":{"loc":{"start":{"line":47,"column":7},"end":{"line":47,"column":53}},"type":"if","locations":[{"start":{"line":47,"column":7},"end":{"line":47,"column":53}},{"start":{},"end":{}}],"line":47},"3":{"loc":{"start":{"line":64,"column":49},"end":{"line":64,"column":36922}},"type":"binary-expr","locations":[{"start":{"line":64,"column":49},"end":{"line":64,"column":86}},{"start":{"line":64,"column":90},"end":{"line":64,"column":36922}}],"line":64}},"s":{"0":4,"1":4,"2":4,"3":4,"4":4,"5":4,"6":4,"7":4,"8":4,"9":4,"10":4,"11":4,"12":0,"13":4,"14":4,"15":4,"16":4,"17":4,"18":0,"19":4,"20":4,"21":4,"22":4,"23":4,"24":0,"25":0,"26":0,"27":0,"28":0,"29":0,"30":4,"31":0,"32":4,"33":4,"34":4,"35":4,"36":4,"37":4,"38":0,"39":0,"40":0,"41":0,"42":0,"43":0,"44":0},"f":{"0":4,"1":0,"2":0,"3":0,"4":0,"5":4,"6":4,"7":0,"8":0,"9":0},"b":{"0":[4,0],"1":[0,0],"2":[0,0],"3":[4,4]},"_coverageSchema":"1a1c01bbd47fc00a2c39e90264f33305004495a9","hash":"4403f96c5f2f7a6467afe0f603024cbc9b899ab0"}
,"C:\\Users\\ADMIN\\Desktop\\filmCrate\\controllers\\movie_controller.js": {"path":"C:\\Users\\ADMIN\\Desktop\\filmCrate\\controllers\\movie_controller.js","statementMap":{"0":{"start":{"line":1,"column":14},"end":{"line":1,"column":30}},"1":{"start":{"line":2,"column":15},"end":{"line":2,"column":42}},"2":{"start":{"line":3,"column":13},"end":{"line":3,"column":38}},"3":{"start":{"line":5,"column":24},"end":{"line":5,"column":57}},"4":{"start":{"line":6,"column":15},"end":{"line":6,"column":34}},"5":{"start":{"line":9,"column":26},"end":{"line":18,"column":1}},"6":{"start":{"line":10,"column":2},"end":{"line":17,"column":3}},"7":{"start":{"line":11,"column":21},"end":{"line":13,"column":5}},"8":{"start":{"line":14,"column":4},"end":{"line":14,"column":28}},"9":{"start":{"line":16,"column":4},"end":{"line":16,"column":37}},"10":{"start":{"line":21,"column":25},"end":{"line":30,"column":1}},"11":{"start":{"line":22,"column":2},"end":{"line":29,"column":3}},"12":{"start":{"line":23,"column":21},"end":{"line":25,"column":5}},"13":{"start":{"line":26,"column":4},"end":{"line":26,"column":28}},"14":{"start":{"line":28,"column":4},"end":{"line":28,"column":37}},"15":{"start":{"line":33,"column":26},"end":{"line":42,"column":1}},"16":{"start":{"line":34,"column":2},"end":{"line":41,"column":3}},"17":{"start":{"line":35,"column":21},"end":{"line":37,"column":5}},"18":{"start":{"line":38,"column":4},"end":{"line":38,"column":28}},"19":{"start":{"line":40,"column":4},"end":{"line":40,"column":37}},"20":{"start":{"line":44,"column":24},"end":{"line":127,"column":1}},"21":{"start":{"line":45,"column":2},"end":{"line":126,"column":3}},"22":{"start":{"line":46,"column":19},"end":{"line":46,"column":48}},"23":{"start":{"line":47,"column":20},"end":{"line":47,"column":33}},"24":{"start":{"line":49,"column":21},"end":{"line":49,"column":48}},"25":{"start":{"line":52,"column":6},"end":{"line":66,"column":8}},"26":{"start":{"line":68,"column":25},"end":{"line":68,"column":43}},"27":{"start":{"line":69,"column":29},"end":{"line":74,"column":7}},"28":{"start":{"line":69,"column":67},"end":{"line":74,"column":5}},"29":{"start":{"line":76,"column":26},"end":{"line":81,"column":7}},"30":{"start":{"line":76,"column":71},"end":{"line":81,"column":5}},"31":{"start":{"line":83,"column":30},"end":{"line":91,"column":5}},"32":{"start":{"line":94,"column":25},"end":{"line":99,"column":10}},"33":{"start":{"line":96,"column":57},"end":{"line":96,"column":67}},"34":{"start":{"line":102,"column":38},"end":{"line":106,"column":7}},"35":{"start":{"line":102,"column":74},"end":{"line":106,"column":5}},"36":{"start":{"line":104,"column":50},"end":{"line":104,"column":84}},"37":{"start":{"line":108,"column":26},"end":{"line":110,"column":5}},"38":{"start":{"line":112,"column":4},"end":{"line":123,"column":7}},"39":{"start":{"line":125,"column":4},"end":{"line":125,"column":39}},"40":{"start":{"line":130,"column":27},"end":{"line":141,"column":1}},"41":{"start":{"line":131,"column":2},"end":{"line":140,"column":3}},"42":{"start":{"line":132,"column":22},"end":{"line":132,"column":37}},"43":{"start":{"line":134,"column":21},"end":{"line":136,"column":5}},"44":{"start":{"line":137,"column":4},"end":{"line":137,"column":28}},"45":{"start":{"line":139,"column":4},"end":{"line":139,"column":37}},"46":{"start":{"line":144,"column":0},"end":{"line":150,"column":2}}},"fnMap":{"0":{"name":"(anonymous_0)","decl":{"start":{"line":9,"column":26},"end":{"line":9,"column":27}},"loc":{"start":{"line":9,"column":46},"end":{"line":18,"column":1}},"line":9},"1":{"name":"(anonymous_1)","decl":{"start":{"line":21,"column":25},"end":{"line":21,"column":26}},"loc":{"start":{"line":21,"column":45},"end":{"line":30,"column":1}},"line":21},"2":{"name":"(anonymous_2)","decl":{"start":{"line":33,"column":26},"end":{"line":33,"column":27}},"loc":{"start":{"line":33,"column":46},"end":{"line":42,"column":1}},"line":33},"3":{"name":"(anonymous_3)","decl":{"start":{"line":44,"column":24},"end":{"line":44,"column":25}},"loc":{"start":{"line":44,"column":44},"end":{"line":127,"column":1}},"line":44},"4":{"name":"(anonymous_4)","decl":{"start":{"line":69,"column":56},"end":{"line":69,"column":57}},"loc":{"start":{"line":69,"column":67},"end":{"line":74,"column":5}},"line":69},"5":{"name":"(anonymous_5)","decl":{"start":{"line":76,"column":59},"end":{"line":76,"column":60}},"loc":{"start":{"line":76,"column":71},"end":{"line":81,"column":5}},"line":76},"6":{"name":"(anonymous_6)","decl":{"start":{"line":96,"column":45},"end":{"line":96,"column":46}},"loc":{"start":{"line":96,"column":57},"end":{"line":96,"column":67}},"line":96},"7":{"name":"(anonymous_7)","decl":{"start":{"line":102,"column":61},"end":{"line":102,"column":62}},"loc":{"start":{"line":102,"column":74},"end":{"line":106,"column":5}},"line":102},"8":{"name":"(anonymous_8)","decl":{"start":{"line":104,"column":33},"end":{"line":104,"column":34}},"loc":{"start":{"line":104,"column":50},"end":{"line":104,"column":84}},"line":104},"9":{"name":"(anonymous_9)","decl":{"start":{"line":130,"column":27},"end":{"line":130,"column":28}},"loc":{"start":{"line":130,"column":47},"end":{"line":141,"column":1}},"line":130}},"branchMap":{"0":{"loc":{"start":{"line":46,"column":19},"end":{"line":46,"column":48}},"type":"cond-expr","locations":[{"start":{"line":46,"column":30},"end":{"line":46,"column":41}},{"start":{"line":46,"column":44},"end":{"line":46,"column":48}}],"line":46},"1":{"loc":{"start":{"line":71,"column":20},"end":{"line":73,"column":14}},"type":"cond-expr","locations":[{"start":{"line":72,"column":10},"end":{"line":72,"column":50}},{"start":{"line":73,"column":10},"end":{"line":73,"column":14}}],"line":71},"2":{"loc":{"start":{"line":78,"column":19},"end":{"line":80,"column":14}},"type":"cond-expr","locations":[{"start":{"line":79,"column":10},"end":{"line":79,"column":50}},{"start":{"line":80,"column":10},"end":{"line":80,"column":14}}],"line":78},"3":{"loc":{"start":{"line":85,"column":19},"end":{"line":87,"column":14}},"type":"cond-expr","locations":[{"start":{"line":86,"column":10},"end":{"line":86,"column":57}},{"start":{"line":87,"column":10},"end":{"line":87,"column":14}}],"line":85},"4":{"loc":{"start":{"line":88,"column":21},"end":{"line":90,"column":14}},"type":"cond-expr","locations":[{"start":{"line":89,"column":10},"end":{"line":89,"column":59}},{"start":{"line":90,"column":10},"end":{"line":90,"column":14}}],"line":88},"5":{"loc":{"start":{"line":94,"column":25},"end":{"line":99,"column":10}},"type":"cond-expr","locations":[{"start":{"line":95,"column":8},"end":{"line":98,"column":10}},{"start":{"line":99,"column":8},"end":{"line":99,"column":10}}],"line":94},"6":{"loc":{"start":{"line":105,"column":22},"end":{"line":105,"column":77}},"type":"cond-expr","locations":[{"start":{"line":105,"column":33},"end":{"line":105,"column":69}},{"start":{"line":105,"column":72},"end":{"line":105,"column":77}}],"line":105}},"s":{"0":4,"1":4,"2":4,"3":4,"4":4,"5":4,"6":1,"7":1,"8":1,"9":0,"10":4,"11":1,"12":1,"13":1,"14":0,"15":4,"16":1,"17":1,"18":1,"19":0,"20":4,"21":1,"22":1,"23":1,"24":1,"25":1,"26":1,"27":1,"28":23,"29":1,"30":20,"31":1,"32":1,"33":1,"34":1,"35":1,"36":0,"37":0,"38":0,"39":1,"40":4,"41":1,"42":1,"43":1,"44":1,"45":0,"46":4},"f":{"0":1,"1":1,"2":1,"3":1,"4":23,"5":20,"6":1,"7":1,"8":0,"9":1},"b":{"0":[1,0],"1":[19,4],"2":[19,1],"3":[1,0],"4":[1,0],"5":[1,0],"6":[1,0]},"_coverageSchema":"1a1c01bbd47fc00a2c39e90264f33305004495a9","hash":"ef5470af4ef5bb621dd38b7beb3749b87074d5b6"}
,"C:\\Users\\ADMIN\\Desktop\\filmCrate\\controllers\\review-controller.js": {"path":"C:\\Users\\ADMIN\\Desktop\\filmCrate\\controllers\\review-controller.js","statementMap":{"0":{"start":{"line":1,"column":15},"end":{"line":1,"column":42}},"1":{"start":{"line":2,"column":17},"end":{"line":2,"column":36}},"2":{"start":{"line":5,"column":23},"end":{"line":28,"column":1}},"3":{"start":{"line":6,"column":2},"end":{"line":27,"column":3}},"4":{"start":{"line":7,"column":20},"end":{"line":7,"column":33}},"5":{"start":{"line":8,"column":31},"end":{"line":8,"column":39}},"6":{"start":{"line":9,"column":17},"end":{"line":9,"column":28}},"7":{"start":{"line":11,"column":22},"end":{"line":17,"column":6}},"8":{"start":{"line":19,"column":4},"end":{"line":19,"column":27}},"9":{"start":{"line":21,"column":4},"end":{"line":24,"column":7}},"10":{"start":{"line":26,"column":4},"end":{"line":26,"column":39}},"11":{"start":{"line":31,"column":26},"end":{"line":55,"column":1}},"12":{"start":{"line":32,"column":2},"end":{"line":54,"column":3}},"13":{"start":{"line":33,"column":21},"end":{"line":33,"column":40}},"14":{"start":{"line":34,"column":46},"end":{"line":34,"column":54}},"15":{"start":{"line":36,"column":27},"end":{"line":36,"column":58}},"16":{"start":{"line":38,"column":4},"end":{"line":40,"column":5}},"17":{"start":{"line":39,"column":6},"end":{"line":39,"column":65}},"18":{"start":{"line":42,"column":4},"end":{"line":42,"column":35}},"19":{"start":{"line":43,"column":4},"end":{"line":43,"column":42}},"20":{"start":{"line":44,"column":4},"end":{"line":44,"column":42}},"21":{"start":{"line":46,"column":4},"end":{"line":46,"column":32}},"22":{"start":{"line":48,"column":4},"end":{"line":51,"column":7}},"23":{"start":{"line":53,"column":4},"end":{"line":53,"column":51}},"24":{"start":{"line":58,"column":26},"end":{"line":72,"column":1}},"25":{"start":{"line":59,"column":2},"end":{"line":71,"column":3}},"26":{"start":{"line":60,"column":21},"end":{"line":60,"column":40}},"27":{"start":{"line":62,"column":19},"end":{"line":62,"column":60}},"28":{"start":{"line":64,"column":4},"end":{"line":66,"column":5}},"29":{"start":{"line":65,"column":6},"end":{"line":65,"column":65}},"30":{"start":{"line":68,"column":4},"end":{"line":68,"column":69}},"31":{"start":{"line":70,"column":4},"end":{"line":70,"column":51}},"32":{"start":{"line":74,"column":24},"end":{"line":107,"column":1}},"33":{"start":{"line":75,"column":2},"end":{"line":106,"column":3}},"34":{"start":{"line":76,"column":20},"end":{"line":76,"column":33}},"35":{"start":{"line":77,"column":27},"end":{"line":77,"column":56}},"36":{"start":{"line":80,"column":20},"end":{"line":80,"column":67}},"37":{"start":{"line":83,"column":25},"end":{"line":83,"column":27}},"38":{"start":{"line":86,"column":4},"end":{"line":92,"column":5}},"39":{"start":{"line":87,"column":27},"end":{"line":90,"column":8}},"40":{"start":{"line":88,"column":44},"end":{"line":88,"column":83}},"41":{"start":{"line":91,"column":6},"end":{"line":91,"column":75}},"42":{"start":{"line":91,"column":52},"end":{"line":91,"column":73}},"43":{"start":{"line":95,"column":35},"end":{"line":99,"column":7}},"44":{"start":{"line":95,"column":60},"end":{"line":99,"column":5}},"45":{"start":{"line":101,"column":4},"end":{"line":103,"column":7}},"46":{"start":{"line":105,"column":4},"end":{"line":105,"column":51}},"47":{"start":{"line":110,"column":23},"end":{"line":126,"column":1}},"48":{"start":{"line":111,"column":2},"end":{"line":125,"column":3}},"49":{"start":{"line":112,"column":21},"end":{"line":112,"column":40}},"50":{"start":{"line":114,"column":19},"end":{"line":114,"column":67}},"51":{"start":{"line":116,"column":4},"end":{"line":118,"column":5}},"52":{"start":{"line":117,"column":6},"end":{"line":117,"column":65}},"53":{"start":{"line":120,"column":4},"end":{"line":122,"column":7}},"54":{"start":{"line":124,"column":4},"end":{"line":124,"column":51}},"55":{"start":{"line":129,"column":24},"end":{"line":156,"column":1}},"56":{"start":{"line":130,"column":2},"end":{"line":155,"column":3}},"57":{"start":{"line":131,"column":21},"end":{"line":131,"column":40}},"58":{"start":{"line":132,"column":19},"end":{"line":132,"column":30}},"59":{"start":{"line":134,"column":19},"end":{"line":134,"column":50}},"60":{"start":{"line":136,"column":4},"end":{"line":138,"column":5}},"61":{"start":{"line":137,"column":6},"end":{"line":137,"column":65}},"62":{"start":{"line":140,"column":20},"end":{"line":140,"column":49}},"63":{"start":{"line":142,"column":4},"end":{"line":144,"column":5}},"64":{"start":{"line":143,"column":6},"end":{"line":143,"column":73}},"65":{"start":{"line":146,"column":4},"end":{"line":146,"column":30}},"66":{"start":{"line":147,"column":4},"end":{"line":147,"column":24}},"67":{"start":{"line":149,"column":4},"end":{"line":152,"column":7}},"68":{"start":{"line":154,"column":4},"end":{"line":154,"column":51}},"69":{"start":{"line":159,"column":26},"end":{"line":187,"column":1}},"70":{"start":{"line":160,"column":2},"end":{"line":186,"column":3}},"71":{"start":{"line":161,"column":21},"end":{"line":161,"column":40}},"72":{"start":{"line":162,"column":19},"end":{"line":162,"column":30}},"73":{"start":{"line":164,"column":19},"end":{"line":164,"column":50}},"74":{"start":{"line":166,"column":4},"end":{"line":168,"column":5}},"75":{"start":{"line":167,"column":6},"end":{"line":167,"column":65}},"76":{"start":{"line":170,"column":20},"end":{"line":170,"column":49}},"77":{"start":{"line":172,"column":4},"end":{"line":174,"column":5}},"78":{"start":{"line":173,"column":6},"end":{"line":173,"column":69}},"79":{"start":{"line":176,"column":22},"end":{"line":176,"column":50}},"80":{"start":{"line":177,"column":4},"end":{"line":177,"column":38}},"81":{"start":{"line":178,"column":4},"end":{"line":178,"column":24}},"82":{"start":{"line":180,"column":4},"end":{"line":183,"column":7}},"83":{"start":{"line":185,"column":4},"end":{"line":185,"column":51}},"84":{"start":{"line":190,"column":0},"end":{"line":198,"column":2}}},"fnMap":{"0":{"name":"(anonymous_0)","decl":{"start":{"line":5,"column":23},"end":{"line":5,"column":24}},"loc":{"start":{"line":5,"column":43},"end":{"line":28,"column":1}},"line":5},"1":{"name":"(anonymous_1)","decl":{"start":{"line":31,"column":26},"end":{"line":31,"column":27}},"loc":{"start":{"line":31,"column":46},"end":{"line":55,"column":1}},"line":31},"2":{"name":"(anonymous_2)","decl":{"start":{"line":58,"column":26},"end":{"line":58,"column":27}},"loc":{"start":{"line":58,"column":46},"end":{"line":72,"column":1}},"line":58},"3":{"name":"(anonymous_3)","decl":{"start":{"line":74,"column":24},"end":{"line":74,"column":25}},"loc":{"start":{"line":74,"column":44},"end":{"line":107,"column":1}},"line":74},"4":{"name":"(anonymous_4)","decl":{"start":{"line":88,"column":32},"end":{"line":88,"column":33}},"loc":{"start":{"line":88,"column":44},"end":{"line":88,"column":83}},"line":88},"5":{"name":"(anonymous_5)","decl":{"start":{"line":91,"column":40},"end":{"line":91,"column":41}},"loc":{"start":{"line":91,"column":52},"end":{"line":91,"column":73}},"line":91},"6":{"name":"(anonymous_6)","decl":{"start":{"line":95,"column":47},"end":{"line":95,"column":48}},"loc":{"start":{"line":95,"column":60},"end":{"line":99,"column":5}},"line":95},"7":{"name":"(anonymous_7)","decl":{"start":{"line":110,"column":23},"end":{"line":110,"column":24}},"loc":{"start":{"line":110,"column":43},"end":{"line":126,"column":1}},"line":110},"8":{"name":"(anonymous_8)","decl":{"start":{"line":129,"column":24},"end":{"line":129,"column":25}},"loc":{"start":{"line":129,"column":44},"end":{"line":156,"column":1}},"line":129},"9":{"name":"(anonymous_9)","decl":{"start":{"line":159,"column":26},"end":{"line":159,"column":27}},"loc":{"start":{"line":159,"column":46},"end":{"line":187,"column":1}},"line":159}},"branchMap":{"0":{"loc":{"start":{"line":38,"column":4},"end":{"line":40,"column":5}},"type":"if","locations":[{"start":{"line":38,"column":4},"end":{"line":40,"column":5}},{"start":{},"end":{}}],"line":38},"1":{"loc":{"start":{"line":64,"column":4},"end":{"line":66,"column":5}},"type":"if","locations":[{"start":{"line":64,"column":4},"end":{"line":66,"column":5}},{"start":{},"end":{}}],"line":64},"2":{"loc":{"start":{"line":77,"column":27},"end":{"line":77,"column":56}},"type":"cond-expr","locations":[{"start":{"line":77,"column":38},"end":{"line":77,"column":49}},{"start":{"line":77,"column":52},"end":{"line":77,"column":56}}],"line":77},"3":{"loc":{"start":{"line":86,"column":4},"end":{"line":92,"column":5}},"type":"if","locations":[{"start":{"line":86,"column":4},"end":{"line":92,"column":5}},{"start":{},"end":{}}],"line":86},"4":{"loc":{"start":{"line":116,"column":4},"end":{"line":118,"column":5}},"type":"if","locations":[{"start":{"line":116,"column":4},"end":{"line":118,"column":5}},{"start":{},"end":{}}],"line":116},"5":{"loc":{"start":{"line":136,"column":4},"end":{"line":138,"column":5}},"type":"if","locations":[{"start":{"line":136,"column":4},"end":{"line":138,"column":5}},{"start":{},"end":{}}],"line":136},"6":{"loc":{"start":{"line":142,"column":4},"end":{"line":144,"column":5}},"type":"if","locations":[{"start":{"line":142,"column":4},"end":{"line":144,"column":5}},{"start":{},"end":{}}],"line":142},"7":{"loc":{"start":{"line":166,"column":4},"end":{"line":168,"column":5}},"type":"if","locations":[{"start":{"line":166,"column":4},"end":{"line":168,"column":5}},{"start":{},"end":{}}],"line":166},"8":{"loc":{"start":{"line":172,"column":4},"end":{"line":174,"column":5}},"type":"if","locations":[{"start":{"line":172,"column":4},"end":{"line":174,"column":5}},{"start":{},"end":{}}],"line":172}},"s":{"0":4,"1":4,"2":4,"3":2,"4":2,"5":2,"6":2,"7":2,"8":2,"9":1,"10":1,"11":4,"12":2,"13":2,"14":2,"15":2,"16":2,"17":1,"18":1,"19":1,"20":1,"21":1,"22":1,"23":0,"24":4,"25":2,"26":2,"27":2,"28":2,"29":1,"30":1,"31":0,"32":4,"33":0,"34":0,"35":0,"36":0,"37":0,"38":0,"39":0,"40":0,"41":0,"42":0,"43":0,"44":0,"45":0,"46":0,"47":4,"48":2,"49":2,"50":2,"51":1,"52":0,"53":1,"54":1,"55":4,"56":1,"57":1,"58":1,"59":1,"60":1,"61":0,"62":1,"63":1,"64":0,"65":1,"66":1,"67":1,"68":0,"69":4,"70":1,"71":1,"72":1,"73":1,"74":1,"75":0,"76":1,"77":1,"78":0,"79":1,"80":1,"81":1,"82":1,"83":0,"84":4},"f":{"0":2,"1":2,"2":2,"3":0,"4":0,"5":0,"6":0,"7":2,"8":1,"9":1},"b":{"0":[1,1],"1":[1,1],"2":[0,0],"3":[0,0],"4":[0,1],"5":[0,1],"6":[0,1],"7":[0,1],"8":[0,1]},"_coverageSchema":"1a1c01bbd47fc00a2c39e90264f33305004495a9","hash":"f6ebe50c081d88b6df9fa15369083ea0b74b8ebb"}
,"C:\\Users\\ADMIN\\Desktop\\filmCrate\\controllers\\user-controller.js": {"path":"C:\\Users\\ADMIN\\Desktop\\filmCrate\\controllers\\user-controller.js","statementMap":{"0":{"start":{"line":1,"column":15},"end":{"line":1,"column":34}},"1":{"start":{"line":2,"column":12},"end":{"line":2,"column":35}},"2":{"start":{"line":4,"column":13},"end":{"line":4,"column":38}},"3":{"start":{"line":6,"column":21},"end":{"line":32,"column":1}},"4":{"start":{"line":7,"column":57},"end":{"line":7,"column":65}},"5":{"start":{"line":8,"column":2},"end":{"line":31,"column":17}},"6":{"start":{"line":10,"column":6},"end":{"line":12,"column":7}},"7":{"start":{"line":11,"column":8},"end":{"line":11,"column":78}},"8":{"start":{"line":13,"column":6},"end":{"line":29,"column":9}},"9":{"start":{"line":14,"column":8},"end":{"line":16,"column":9}},"10":{"start":{"line":15,"column":10},"end":{"line":15,"column":62}},"11":{"start":{"line":17,"column":24},"end":{"line":22,"column":10}},"12":{"start":{"line":23,"column":8},"end":{"line":28,"column":23}},"13":{"start":{"line":26,"column":12},"end":{"line":26,"column":39}},"14":{"start":{"line":34,"column":18},"end":{"line":67,"column":1}},"15":{"start":{"line":35,"column":33},"end":{"line":35,"column":41}},"16":{"start":{"line":36,"column":2},"end":{"line":66,"column":17}},"17":{"start":{"line":38,"column":6},"end":{"line":40,"column":7}},"18":{"start":{"line":39,"column":8},"end":{"line":39,"column":65}},"19":{"start":{"line":41,"column":6},"end":{"line":64,"column":9}},"20":{"start":{"line":42,"column":8},"end":{"line":44,"column":9}},"21":{"start":{"line":43,"column":10},"end":{"line":43,"column":62}},"22":{"start":{"line":45,"column":8},"end":{"line":47,"column":9}},"23":{"start":{"line":46,"column":10},"end":{"line":46,"column":69}},"24":{"start":{"line":48,"column":24},"end":{"line":52,"column":9}},"25":{"start":{"line":53,"column":8},"end":{"line":63,"column":10}},"26":{"start":{"line":58,"column":12},"end":{"line":60,"column":13}},"27":{"start":{"line":59,"column":14},"end":{"line":59,"column":66}},"28":{"start":{"line":61,"column":12},"end":{"line":61,"column":58}},"29":{"start":{"line":69,"column":23},"end":{"line":93,"column":1}},"30":{"start":{"line":70,"column":2},"end":{"line":92,"column":3}},"31":{"start":{"line":71,"column":19},"end":{"line":71,"column":30}},"32":{"start":{"line":73,"column":17},"end":{"line":73,"column":44}},"33":{"start":{"line":74,"column":4},"end":{"line":76,"column":5}},"34":{"start":{"line":75,"column":6},"end":{"line":75,"column":63}},"35":{"start":{"line":78,"column":27},"end":{"line":78,"column":56}},"36":{"start":{"line":81,"column":34},"end":{"line":84,"column":5}},"37":{"start":{"line":86,"column":4},"end":{"line":86,"column":48}},"38":{"start":{"line":91,"column":4},"end":{"line":91,"column":16}},"39":{"start":{"line":95,"column":23},"end":{"line":139,"column":1}},"40":{"start":{"line":96,"column":60},"end":{"line":96,"column":68}},"41":{"start":{"line":97,"column":17},"end":{"line":97,"column":28}},"42":{"start":{"line":99,"column":2},"end":{"line":138,"column":3}},"43":{"start":{"line":101,"column":17},"end":{"line":101,"column":44}},"44":{"start":{"line":102,"column":4},"end":{"line":104,"column":5}},"45":{"start":{"line":103,"column":6},"end":{"line":103,"column":63}},"46":{"start":{"line":107,"column":26},"end":{"line":107,"column":78}},"47":{"start":{"line":108,"column":4},"end":{"line":110,"column":5}},"48":{"start":{"line":109,"column":6},"end":{"line":109,"column":75}},"49":{"start":{"line":113,"column":4},"end":{"line":117,"column":5}},"50":{"start":{"line":114,"column":6},"end":{"line":116,"column":75}},"51":{"start":{"line":120,"column":4},"end":{"line":124,"column":5}},"52":{"start":{"line":121,"column":6},"end":{"line":123,"column":9}},"53":{"start":{"line":127,"column":30},"end":{"line":127,"column":64}},"54":{"start":{"line":130,"column":4},"end":{"line":130,"column":38}},"55":{"start":{"line":133,"column":4},"end":{"line":133,"column":22}},"56":{"start":{"line":135,"column":4},"end":{"line":135,"column":71}},"57":{"start":{"line":137,"column":4},"end":{"line":137,"column":16}},"58":{"start":{"line":141,"column":20},"end":{"line":164,"column":1}},"59":{"start":{"line":142,"column":2},"end":{"line":144,"column":3}},"60":{"start":{"line":143,"column":4},"end":{"line":143,"column":69}},"61":{"start":{"line":147,"column":17},"end":{"line":147,"column":28}},"62":{"start":{"line":148,"column":16},"end":{"line":148,"column":33}},"63":{"start":{"line":150,"column":2},"end":{"line":163,"column":7}},"64":{"start":{"line":152,"column":6},"end":{"line":155,"column":9}},"65":{"start":{"line":158,"column":26},"end":{"line":158,"column":68}},"66":{"start":{"line":159,"column":6},"end":{"line":162,"column":9}},"67":{"start":{"line":166,"column":26},"end":{"line":201,"column":1}},"68":{"start":{"line":167,"column":17},"end":{"line":167,"column":28}},"69":{"start":{"line":168,"column":30},"end":{"line":168,"column":38}},"70":{"start":{"line":170,"column":2},"end":{"line":200,"column":3}},"71":{"start":{"line":171,"column":17},"end":{"line":171,"column":44}},"72":{"start":{"line":172,"column":4},"end":{"line":174,"column":5}},"73":{"start":{"line":173,"column":6},"end":{"line":173,"column":63}},"74":{"start":{"line":177,"column":4},"end":{"line":185,"column":5}},"75":{"start":{"line":178,"column":39},"end":{"line":180,"column":8}},"76":{"start":{"line":181,"column":6},"end":{"line":183,"column":7}},"77":{"start":{"line":182,"column":8},"end":{"line":182,"column":76}},"78":{"start":{"line":184,"column":6},"end":{"line":184,"column":31}},"79":{"start":{"line":186,"column":4},"end":{"line":192,"column":5}},"80":{"start":{"line":187,"column":36},"end":{"line":187,"column":72}},"81":{"start":{"line":188,"column":6},"end":{"line":190,"column":7}},"82":{"start":{"line":189,"column":8},"end":{"line":189,"column":73}},"83":{"start":{"line":191,"column":6},"end":{"line":191,"column":25}},"84":{"start":{"line":195,"column":24},"end":{"line":195,"column":41}},"85":{"start":{"line":197,"column":4},"end":{"line":197,"column":26}},"86":{"start":{"line":199,"column":4},"end":{"line":199,"column":16}},"87":{"start":{"line":204,"column":0},"end":{"line":211,"column":2}},"88":{"start":{"line":218,"column":38},"end":{"line":218,"column":36934}},"89":{"start":{"line":218,"column":42},"end":{"line":218,"column":36923}},"90":{"start":{"line":218,"column":36959},"end":{"line":218,"column":36999}},"91":{"start":{"line":218,"column":36963},"end":{"line":218,"column":36988}},"92":{"start":{"line":218,"column":37000},"end":{"line":218,"column":37008}},"93":{"start":{"line":218,"column":37033},"end":{"line":218,"column":37075}},"94":{"start":{"line":218,"column":37037},"end":{"line":218,"column":37064}},"95":{"start":{"line":218,"column":37076},"end":{"line":218,"column":37084}},"96":{"start":{"line":218,"column":37103},"end":{"line":218,"column":37140}},"97":{"start":{"line":218,"column":37107},"end":{"line":218,"column":37129}},"98":{"start":{"line":218,"column":37159},"end":{"line":218,"column":37199}},"99":{"start":{"line":218,"column":37163},"end":{"line":218,"column":37188}}},"fnMap":{"0":{"name":"(anonymous_0)","decl":{"start":{"line":6,"column":21},"end":{"line":6,"column":22}},"loc":{"start":{"line":6,"column":41},"end":{"line":32,"column":1}},"line":6},"1":{"name":"(anonymous_1)","decl":{"start":{"line":9,"column":10},"end":{"line":9,"column":11}},"loc":{"start":{"line":9,"column":20},"end":{"line":30,"column":5}},"line":9},"2":{"name":"(anonymous_2)","decl":{"start":{"line":13,"column":32},"end":{"line":13,"column":33}},"loc":{"start":{"line":13,"column":47},"end":{"line":29,"column":7}},"line":13},"3":{"name":"(anonymous_3)","decl":{"start":{"line":25,"column":16},"end":{"line":25,"column":17}},"loc":{"start":{"line":25,"column":26},"end":{"line":27,"column":11}},"line":25},"4":{"name":"(anonymous_4)","decl":{"start":{"line":34,"column":18},"end":{"line":34,"column":19}},"loc":{"start":{"line":34,"column":38},"end":{"line":67,"column":1}},"line":34},"5":{"name":"(anonymous_5)","decl":{"start":{"line":37,"column":10},"end":{"line":37,"column":11}},"loc":{"start":{"line":37,"column":20},"end":{"line":65,"column":5}},"line":37},"6":{"name":"(anonymous_6)","decl":{"start":{"line":41,"column":46},"end":{"line":41,"column":47}},"loc":{"start":{"line":41,"column":64},"end":{"line":64,"column":7}},"line":41},"7":{"name":"(anonymous_7)","decl":{"start":{"line":57,"column":10},"end":{"line":57,"column":11}},"loc":{"start":{"line":57,"column":26},"end":{"line":62,"column":11}},"line":57},"8":{"name":"(anonymous_8)","decl":{"start":{"line":69,"column":23},"end":{"line":69,"column":24}},"loc":{"start":{"line":69,"column":49},"end":{"line":93,"column":1}},"line":69},"9":{"name":"(anonymous_9)","decl":{"start":{"line":95,"column":23},"end":{"line":95,"column":24}},"loc":{"start":{"line":95,"column":49},"end":{"line":139,"column":1}},"line":95},"10":{"name":"(anonymous_10)","decl":{"start":{"line":141,"column":20},"end":{"line":141,"column":21}},"loc":{"start":{"line":141,"column":40},"end":{"line":164,"column":1}},"line":141},"11":{"name":"(anonymous_11)","decl":{"start":{"line":151,"column":10},"end":{"line":151,"column":11}},"loc":{"start":{"line":151,"column":16},"end":{"line":156,"column":5}},"line":151},"12":{"name":"(anonymous_12)","decl":{"start":{"line":157,"column":11},"end":{"line":157,"column":12}},"loc":{"start":{"line":157,"column":22},"end":{"line":163,"column":5}},"line":157},"13":{"name":"(anonymous_13)","decl":{"start":{"line":166,"column":26},"end":{"line":166,"column":27}},"loc":{"start":{"line":166,"column":52},"end":{"line":201,"column":1}},"line":166},"14":{"name":"oo_cm","decl":{"start":{"line":218,"column":30},"end":{"line":218,"column":35}},"loc":{"start":{"line":218,"column":37},"end":{"line":218,"column":36935}},"line":218},"15":{"name":"oo_oo","decl":{"start":{"line":218,"column":36945},"end":{"line":218,"column":36950}},"loc":{"start":{"line":218,"column":36958},"end":{"line":218,"column":37009}},"line":218},"16":{"name":"oo_tr","decl":{"start":{"line":218,"column":37019},"end":{"line":218,"column":37024}},"loc":{"start":{"line":218,"column":37032},"end":{"line":218,"column":37085}},"line":218},"17":{"name":"oo_ts","decl":{"start":{"line":218,"column":37095},"end":{"line":218,"column":37100}},"loc":{"start":{"line":218,"column":37102},"end":{"line":218,"column":37141}},"line":218},"18":{"name":"oo_te","decl":{"start":{"line":218,"column":37151},"end":{"line":218,"column":37156}},"loc":{"start":{"line":218,"column":37158},"end":{"line":218,"column":37200}},"line":218}},"branchMap":{"0":{"loc":{"start":{"line":10,"column":6},"end":{"line":12,"column":7}},"type":"if","locations":[{"start":{"line":10,"column":6},"end":{"line":12,"column":7}},{"start":{},"end":{}}],"line":10},"1":{"loc":{"start":{"line":14,"column":8},"end":{"line":16,"column":9}},"type":"if","locations":[{"start":{"line":14,"column":8},"end":{"line":16,"column":9}},{"start":{},"end":{}}],"line":14},"2":{"loc":{"start":{"line":38,"column":6},"end":{"line":40,"column":7}},"type":"if","locations":[{"start":{"line":38,"column":6},"end":{"line":40,"column":7}},{"start":{},"end":{}}],"line":38},"3":{"loc":{"start":{"line":42,"column":8},"end":{"line":44,"column":9}},"type":"if","locations":[{"start":{"line":42,"column":8},"end":{"line":44,"column":9}},{"start":{},"end":{}}],"line":42},"4":{"loc":{"start":{"line":45,"column":8},"end":{"line":47,"column":9}},"type":"if","locations":[{"start":{"line":45,"column":8},"end":{"line":47,"column":9}},{"start":{},"end":{}}],"line":45},"5":{"loc":{"start":{"line":58,"column":12},"end":{"line":60,"column":13}},"type":"if","locations":[{"start":{"line":58,"column":12},"end":{"line":60,"column":13}},{"start":{},"end":{}}],"line":58},"6":{"loc":{"start":{"line":74,"column":4},"end":{"line":76,"column":5}},"type":"if","locations":[{"start":{"line":74,"column":4},"end":{"line":76,"column":5}},{"start":{},"end":{}}],"line":74},"7":{"loc":{"start":{"line":78,"column":27},"end":{"line":78,"column":56}},"type":"cond-expr","locations":[{"start":{"line":78,"column":38},"end":{"line":78,"column":49}},{"start":{"line":78,"column":52},"end":{"line":78,"column":56}}],"line":78},"8":{"loc":{"start":{"line":102,"column":4},"end":{"line":104,"column":5}},"type":"if","locations":[{"start":{"line":102,"column":4},"end":{"line":104,"column":5}},{"start":{},"end":{}}],"line":102},"9":{"loc":{"start":{"line":108,"column":4},"end":{"line":110,"column":5}},"type":"if","locations":[{"start":{"line":108,"column":4},"end":{"line":110,"column":5}},{"start":{},"end":{}}],"line":108},"10":{"loc":{"start":{"line":113,"column":4},"end":{"line":117,"column":5}},"type":"if","locations":[{"start":{"line":113,"column":4},"end":{"line":117,"column":5}},{"start":{},"end":{}}],"line":113},"11":{"loc":{"start":{"line":120,"column":4},"end":{"line":124,"column":5}},"type":"if","locations":[{"start":{"line":120,"column":4},"end":{"line":124,"column":5}},{"start":{},"end":{}}],"line":120},"12":{"loc":{"start":{"line":142,"column":2},"end":{"line":144,"column":3}},"type":"if","locations":[{"start":{"line":142,"column":2},"end":{"line":144,"column":3}},{"start":{},"end":{}}],"line":142},"13":{"loc":{"start":{"line":172,"column":4},"end":{"line":174,"column":5}},"type":"if","locations":[{"start":{"line":172,"column":4},"end":{"line":174,"column":5}},{"start":{},"end":{}}],"line":172},"14":{"loc":{"start":{"line":177,"column":4},"end":{"line":185,"column":5}},"type":"if","locations":[{"start":{"line":177,"column":4},"end":{"line":185,"column":5}},{"start":{},"end":{}}],"line":177},"15":{"loc":{"start":{"line":177,"column":8},"end":{"line":177,"column":65}},"type":"binary-expr","locations":[{"start":{"line":177,"column":8},"end":{"line":177,"column":16}},{"start":{"line":177,"column":20},"end":{"line":177,"column":35}},{"start":{"line":177,"column":39},"end":{"line":177,"column":65}}],"line":177},"16":{"loc":{"start":{"line":181,"column":6},"end":{"line":183,"column":7}},"type":"if","locations":[{"start":{"line":181,"column":6},"end":{"line":183,"column":7}},{"start":{},"end":{}}],"line":181},"17":{"loc":{"start":{"line":186,"column":4},"end":{"line":192,"column":5}},"type":"if","locations":[{"start":{"line":186,"column":4},"end":{"line":192,"column":5}},{"start":{},"end":{}}],"line":186},"18":{"loc":{"start":{"line":186,"column":8},"end":{"line":186,"column":53}},"type":"binary-expr","locations":[{"start":{"line":186,"column":8},"end":{"line":186,"column":13}},{"start":{"line":186,"column":17},"end":{"line":186,"column":29}},{"start":{"line":186,"column":33},"end":{"line":186,"column":53}}],"line":186},"19":{"loc":{"start":{"line":188,"column":6},"end":{"line":190,"column":7}},"type":"if","locations":[{"start":{"line":188,"column":6},"end":{"line":190,"column":7}},{"start":{},"end":{}}],"line":188},"20":{"loc":{"start":{"line":218,"column":49},"end":{"line":218,"column":36922}},"type":"binary-expr","locations":[{"start":{"line":218,"column":49},"end":{"line":218,"column":86}},{"start":{"line":218,"column":90},"end":{"line":218,"column":36922}}],"line":218}},"s":{"0":4,"1":4,"2":4,"3":4,"4":5,"5":5,"6":5,"7":3,"8":2,"9":2,"10":0,"11":2,"12":2,"13":2,"14":4,"15":10,"16":10,"17":10,"18":1,"19":9,"20":9,"21":0,"22":9,"23":1,"24":8,"25":8,"26":8,"27":0,"28":8,"29":4,"30":1,"31":1,"32":1,"33":1,"34":0,"35":1,"36":1,"37":1,"38":0,"39":4,"40":1,"41":1,"42":1,"43":1,"44":1,"45":0,"46":1,"47":1,"48":0,"49":1,"50":0,"51":1,"52":0,"53":1,"54":1,"55":1,"56":1,"57":0,"58":4,"59":1,"60":0,"61":1,"62":1,"63":1,"64":1,"65":0,"66":0,"67":4,"68":1,"69":1,"70":1,"71":1,"72":1,"73":0,"74":1,"75":1,"76":1,"77":0,"78":1,"79":1,"80":1,"81":1,"82":0,"83":1,"84":1,"85":1,"86":0,"87":4,"88":0,"89":0,"90":0,"91":0,"92":0,"93":0,"94":0,"95":0,"96":0,"97":0,"98":0,"99":0},"f":{"0":5,"1":5,"2":2,"3":2,"4":10,"5":10,"6":9,"7":8,"8":1,"9":1,"10":1,"11":1,"12":0,"13":1,"14":0,"15":0,"16":0,"17":0,"18":0},"b":{"0":[3,2],"1":[0,2],"2":[1,9],"3":[0,9],"4":[1,8],"5":[0,8],"6":[0,1],"7":[1,0],"8":[0,1],"9":[0,1],"10":[0,1],"11":[0,1],"12":[0,1],"13":[0,1],"14":[1,0],"15":[1,1,1],"16":[0,1],"17":[1,0],"18":[1,1,1],"19":[0,1],"20":[0,0]},"_coverageSchema":"1a1c01bbd47fc00a2c39e90264f33305004495a9","hash":"2f9b47c159ad023b96b8fa1f00e9b3fe75653c3b"}
,"C:\\Users\\ADMIN\\Desktop\\filmCrate\\controllers\\watchlist_controller.js": {"path":"C:\\Users\\ADMIN\\Desktop\\filmCrate\\controllers\\watchlist_controller.js","statementMap":{"0":{"start":{"line":1,"column":18},"end":{"line":1,"column":48}},"1":{"start":{"line":2,"column":13},"end":{"line":2,"column":38}},"2":{"start":{"line":3,"column":14},"end":{"line":3,"column":30}},"3":{"start":{"line":4,"column":15},"end":{"line":4,"column":34}},"4":{"start":{"line":7,"column":21},"end":{"line":17,"column":1}},"5":{"start":{"line":8,"column":2},"end":{"line":16,"column":3}},"6":{"start":{"line":9,"column":19},"end":{"line":9,"column":30}},"7":{"start":{"line":11,"column":22},"end":{"line":11,"column":60}},"8":{"start":{"line":13,"column":4},"end":{"line":13,"column":33}},"9":{"start":{"line":15,"column":4},"end":{"line":15,"column":14}},"10":{"start":{"line":21,"column":23},"end":{"line":53,"column":3}},"11":{"start":{"line":22,"column":4},"end":{"line":52,"column":5}},"12":{"start":{"line":23,"column":21},"end":{"line":23,"column":32}},"13":{"start":{"line":24,"column":22},"end":{"line":24,"column":35}},"14":{"start":{"line":26,"column":19},"end":{"line":26,"column":46}},"15":{"start":{"line":28,"column":35},"end":{"line":30,"column":7}},"16":{"start":{"line":32,"column":27},"end":{"line":32,"column":52}},"17":{"start":{"line":34,"column":4},"end":{"line":36,"column":5}},"18":{"start":{"line":35,"column":6},"end":{"line":35,"column":64}},"19":{"start":{"line":38,"column":24},"end":{"line":42,"column":8}},"20":{"start":{"line":44,"column":6},"end":{"line":44,"column":35}},"21":{"start":{"line":45,"column":6},"end":{"line":45,"column":24}},"22":{"start":{"line":47,"column":6},"end":{"line":47,"column":29}},"23":{"start":{"line":49,"column":6},"end":{"line":49,"column":37}},"24":{"start":{"line":51,"column":6},"end":{"line":51,"column":16}},"25":{"start":{"line":57,"column":28},"end":{"line":78,"column":1}},"26":{"start":{"line":58,"column":2},"end":{"line":77,"column":3}},"27":{"start":{"line":59,"column":19},"end":{"line":59,"column":30}},"28":{"start":{"line":60,"column":20},"end":{"line":60,"column":33}},"29":{"start":{"line":62,"column":17},"end":{"line":62,"column":44}},"30":{"start":{"line":64,"column":4},"end":{"line":66,"column":5}},"31":{"start":{"line":65,"column":6},"end":{"line":65,"column":63}},"32":{"start":{"line":68,"column":22},"end":{"line":68,"column":81}},"33":{"start":{"line":71,"column":4},"end":{"line":71,"column":117}},"34":{"start":{"line":71,"column":62},"end":{"line":71,"column":115}},"35":{"start":{"line":72,"column":4},"end":{"line":72,"column":22}},"36":{"start":{"line":74,"column":4},"end":{"line":74,"column":24}},"37":{"start":{"line":76,"column":4},"end":{"line":76,"column":14}},"38":{"start":{"line":80,"column":0},"end":{"line":84,"column":2}}},"fnMap":{"0":{"name":"(anonymous_0)","decl":{"start":{"line":7,"column":21},"end":{"line":7,"column":22}},"loc":{"start":{"line":7,"column":47},"end":{"line":17,"column":1}},"line":7},"1":{"name":"(anonymous_1)","decl":{"start":{"line":21,"column":23},"end":{"line":21,"column":24}},"loc":{"start":{"line":21,"column":49},"end":{"line":53,"column":3}},"line":21},"2":{"name":"(anonymous_2)","decl":{"start":{"line":57,"column":28},"end":{"line":57,"column":29}},"loc":{"start":{"line":57,"column":54},"end":{"line":78,"column":1}},"line":57},"3":{"name":"(anonymous_3)","decl":{"start":{"line":71,"column":43},"end":{"line":71,"column":44}},"loc":{"start":{"line":71,"column":62},"end":{"line":71,"column":115}},"line":71}},"branchMap":{"0":{"loc":{"start":{"line":34,"column":4},"end":{"line":36,"column":5}},"type":"if","locations":[{"start":{"line":34,"column":4},"end":{"line":36,"column":5}},{"start":{},"end":{}}],"line":34},"1":{"loc":{"start":{"line":64,"column":4},"end":{"line":66,"column":5}},"type":"if","locations":[{"start":{"line":64,"column":4},"end":{"line":66,"column":5}},{"start":{},"end":{}}],"line":64},"2":{"loc":{"start":{"line":71,"column":62},"end":{"line":71,"column":115}},"type":"binary-expr","locations":[{"start":{"line":71,"column":62},"end":{"line":71,"column":75}},{"start":{"line":71,"column":79},"end":{"line":71,"column":115}}],"line":71}},"s":{"0":4,"1":4,"2":4,"3":4,"4":4,"5":1,"6":1,"7":1,"8":1,"9":0,"10":4,"11":1,"12":1,"13":1,"14":1,"15":1,"16":1,"17":1,"18":0,"19":1,"20":1,"21":1,"22":1,"23":1,"24":0,"25":4,"26":1,"27":1,"28":1,"29":1,"30":1,"31":0,"32":1,"33":1,"34":1,"35":1,"36":1,"37":0,"38":4},"f":{"0":1,"1":1,"2":1,"3":1},"b":{"0":[0,1],"1":[0,1],"2":[1,1]},"_coverageSchema":"1a1c01bbd47fc00a2c39e90264f33305004495a9","hash":"d754cf2c39bad0fc47749964b8902bef842559f3"}
,"C:\\Users\\ADMIN\\Desktop\\filmCrate\\middlewares\\auth.js": {"path":"C:\\Users\\ADMIN\\Desktop\\filmCrate\\middlewares\\auth.js","statementMap":{"0":{"start":{"line":1,"column":12},"end":{"line":1,"column":35}},"1":{"start":{"line":3,"column":19},"end":{"line":14,"column":1}},"2":{"start":{"line":4,"column":14},"end":{"line":4,"column":39}},"3":{"start":{"line":5,"column":2},"end":{"line":5,"column":79}},"4":{"start":{"line":5,"column":14},"end":{"line":5,"column":79}},"5":{"start":{"line":6,"column":2},"end":{"line":6,"column":30}},"6":{"start":{"line":8,"column":2},"end":{"line":12,"column":5}},"7":{"start":{"line":9,"column":4},"end":{"line":9,"column":65}},"8":{"start":{"line":9,"column":13},"end":{"line":9,"column":65}},"9":{"start":{"line":10,"column":4},"end":{"line":10,"column":23}},"10":{"start":{"line":11,"column":24},"end":{"line":11,"column":69}},"11":{"start":{"line":13,"column":2},"end":{"line":13,"column":9}},"12":{"start":{"line":16,"column":0},"end":{"line":16,"column":32}},"13":{"start":{"line":23,"column":38},"end":{"line":23,"column":36934}},"14":{"start":{"line":23,"column":42},"end":{"line":23,"column":36923}},"15":{"start":{"line":23,"column":36959},"end":{"line":23,"column":36999}},"16":{"start":{"line":23,"column":36963},"end":{"line":23,"column":36988}},"17":{"start":{"line":23,"column":37000},"end":{"line":23,"column":37008}},"18":{"start":{"line":23,"column":37033},"end":{"line":23,"column":37075}},"19":{"start":{"line":23,"column":37037},"end":{"line":23,"column":37064}},"20":{"start":{"line":23,"column":37076},"end":{"line":23,"column":37084}},"21":{"start":{"line":23,"column":37103},"end":{"line":23,"column":37140}},"22":{"start":{"line":23,"column":37107},"end":{"line":23,"column":37129}},"23":{"start":{"line":23,"column":37159},"end":{"line":23,"column":37199}},"24":{"start":{"line":23,"column":37163},"end":{"line":23,"column":37188}}},"fnMap":{"0":{"name":"(anonymous_0)","decl":{"start":{"line":3,"column":19},"end":{"line":3,"column":20}},"loc":{"start":{"line":3,"column":39},"end":{"line":14,"column":1}},"line":3},"1":{"name":"(anonymous_1)","decl":{"start":{"line":8,"column":40},"end":{"line":8,"column":41}},"loc":{"start":{"line":8,"column":58},"end":{"line":12,"column":3}},"line":8},"2":{"name":"oo_cm","decl":{"start":{"line":23,"column":30},"end":{"line":23,"column":35}},"loc":{"start":{"line":23,"column":37},"end":{"line":23,"column":36935}},"line":23},"3":{"name":"oo_oo","decl":{"start":{"line":23,"column":36945},"end":{"line":23,"column":36950}},"loc":{"start":{"line":23,"column":36958},"end":{"line":23,"column":37009}},"line":23},"4":{"name":"oo_tr","decl":{"start":{"line":23,"column":37019},"end":{"line":23,"column":37024}},"loc":{"start":{"line":23,"column":37032},"end":{"line":23,"column":37085}},"line":23},"5":{"name":"oo_ts","decl":{"start":{"line":23,"column":37095},"end":{"line":23,"column":37100}},"loc":{"start":{"line":23,"column":37102},"end":{"line":23,"column":37141}},"line":23},"6":{"name":"oo_te","decl":{"start":{"line":23,"column":37151},"end":{"line":23,"column":37156}},"loc":{"start":{"line":23,"column":37158},"end":{"line":23,"column":37200}},"line":23}},"branchMap":{"0":{"loc":{"start":{"line":5,"column":2},"end":{"line":5,"column":79}},"type":"if","locations":[{"start":{"line":5,"column":2},"end":{"line":5,"column":79}},{"start":{},"end":{}}],"line":5},"1":{"loc":{"start":{"line":9,"column":4},"end":{"line":9,"column":65}},"type":"if","locations":[{"start":{"line":9,"column":4},"end":{"line":9,"column":65}},{"start":{},"end":{}}],"line":9},"2":{"loc":{"start":{"line":23,"column":49},"end":{"line":23,"column":36922}},"type":"binary-expr","locations":[{"start":{"line":23,"column":49},"end":{"line":23,"column":86}},{"start":{"line":23,"column":90},"end":{"line":23,"column":36922}}],"line":23}},"s":{"0":4,"1":4,"2":35,"3":35,"4":3,"5":32,"6":32,"7":32,"8":0,"9":32,"10":32,"11":32,"12":4,"13":32,"14":32,"15":32,"16":32,"17":32,"18":0,"19":0,"20":0,"21":0,"22":0,"23":0,"24":0},"f":{"0":35,"1":32,"2":32,"3":32,"4":0,"5":0,"6":0},"b":{"0":[3,32],"1":[0,32],"2":[32,0]},"_coverageSchema":"1a1c01bbd47fc00a2c39e90264f33305004495a9","hash":"ca1fd425baaa838a9ed73b4b9958b29cbb7759cd"}
,"C:\\Users\\ADMIN\\Desktop\\filmCrate\\middlewares\\uploads.js": {"path":"C:\\Users\\ADMIN\\Desktop\\filmCrate\\middlewares\\uploads.js","statementMap":{"0":{"start":{"line":1,"column":15},"end":{"line":1,"column":32}},"1":{"start":{"line":2,"column":16},"end":{"line":2,"column":32}},"2":{"start":{"line":3,"column":13},"end":{"line":3,"column":28}},"3":{"start":{"line":5,"column":16},"end":{"line":13,"column":2}},"4":{"start":{"line":7,"column":4},"end":{"line":7,"column":31}},"5":{"start":{"line":10,"column":14},"end":{"line":10,"column":45}},"6":{"start":{"line":11,"column":4},"end":{"line":11,"column":40}},"7":{"start":{"line":15,"column":24},"end":{"line":20,"column":1}},"8":{"start":{"line":16,"column":2},"end":{"line":18,"column":3}},"9":{"start":{"line":17,"column":4},"end":{"line":17,"column":62}},"10":{"start":{"line":19,"column":2},"end":{"line":19,"column":17}},"11":{"start":{"line":22,"column":15},"end":{"line":26,"column":27}},"12":{"start":{"line":28,"column":0},"end":{"line":28,"column":24}}},"fnMap":{"0":{"name":"(anonymous_0)","decl":{"start":{"line":6,"column":15},"end":{"line":6,"column":16}},"loc":{"start":{"line":6,"column":34},"end":{"line":8,"column":3}},"line":6},"1":{"name":"(anonymous_1)","decl":{"start":{"line":9,"column":12},"end":{"line":9,"column":13}},"loc":{"start":{"line":9,"column":31},"end":{"line":12,"column":3}},"line":9},"2":{"name":"(anonymous_2)","decl":{"start":{"line":15,"column":24},"end":{"line":15,"column":25}},"loc":{"start":{"line":15,"column":43},"end":{"line":20,"column":1}},"line":15}},"branchMap":{"0":{"loc":{"start":{"line":16,"column":2},"end":{"line":18,"column":3}},"type":"if","locations":[{"start":{"line":16,"column":2},"end":{"line":18,"column":3}},{"start":{},"end":{}}],"line":16}},"s":{"0":4,"1":4,"2":4,"3":4,"4":1,"5":1,"6":1,"7":4,"8":1,"9":0,"10":1,"11":4,"12":4},"f":{"0":1,"1":1,"2":1},"b":{"0":[0,1]},"_coverageSchema":"1a1c01bbd47fc00a2c39e90264f33305004495a9","hash":"eb12cc6385b4ffd14aca29b10a047d920e721a54"}
,"C:\\Users\\ADMIN\\Desktop\\filmCrate\\models\\Review.js": {"path":"C:\\Users\\ADMIN\\Desktop\\filmCrate\\models\\Review.js","statementMap":{"0":{"start":{"line":1,"column":17},"end":{"line":1,"column":36}},"1":{"start":{"line":2,"column":15},"end":{"line":2,"column":30}},"2":{"start":{"line":3,"column":13},"end":{"line":3,"column":30}},"3":{"start":{"line":5,"column":21},"end":{"line":34,"column":2}},"4":{"start":{"line":36,"column":15},"end":{"line":36,"column":53}},"5":{"start":{"line":38,"column":0},"end":{"line":38,"column":24}}},"fnMap":{},"branchMap":{},"s":{"0":4,"1":4,"2":4,"3":4,"4":4,"5":4},"f":{},"b":{},"_coverageSchema":"1a1c01bbd47fc00a2c39e90264f33305004495a9","hash":"d851ea37905c4ceff4d65f6a9a8f76ec19dff611"}
,"C:\\Users\\ADMIN\\Desktop\\filmCrate\\models\\User.js": {"path":"C:\\Users\\ADMIN\\Desktop\\filmCrate\\models\\User.js","statementMap":{"0":{"start":{"line":1,"column":17},"end":{"line":1,"column":36}},"1":{"start":{"line":2,"column":15},"end":{"line":2,"column":30}},"2":{"start":{"line":3,"column":15},"end":{"line":3,"column":34}},"3":{"start":{"line":4,"column":15},"end":{"line":4,"column":32}},"4":{"start":{"line":5,"column":12},"end":{"line":5,"column":35}},"5":{"start":{"line":8,"column":19},"end":{"line":39,"column":2}},"6":{"start":{"line":42,"column":2},"end":{"line":47,"column":4}},"7":{"start":{"line":43,"column":4},"end":{"line":46,"column":7}},"8":{"start":{"line":50,"column":2},"end":{"line":52,"column":4}},"9":{"start":{"line":51,"column":4},"end":{"line":51,"column":64}},"10":{"start":{"line":55,"column":2},"end":{"line":69,"column":4}},"11":{"start":{"line":57,"column":23},"end":{"line":57,"column":61}},"12":{"start":{"line":60,"column":4},"end":{"line":63,"column":21}},"13":{"start":{"line":66,"column":4},"end":{"line":66,"column":59}},"14":{"start":{"line":68,"column":4},"end":{"line":68,"column":22}},"15":{"start":{"line":72,"column":0},"end":{"line":72,"column":52}}},"fnMap":{"0":{"name":"(anonymous_0)","decl":{"start":{"line":42,"column":41},"end":{"line":42,"column":42}},"loc":{"start":{"line":42,"column":53},"end":{"line":47,"column":3}},"line":42},"1":{"name":"(anonymous_1)","decl":{"start":{"line":50,"column":37},"end":{"line":50,"column":38}},"loc":{"start":{"line":50,"column":70},"end":{"line":52,"column":3}},"line":50},"2":{"name":"(anonymous_2)","decl":{"start":{"line":55,"column":45},"end":{"line":55,"column":46}},"loc":{"start":{"line":55,"column":57},"end":{"line":69,"column":3}},"line":55}},"branchMap":{},"s":{"0":4,"1":4,"2":4,"3":4,"4":4,"5":4,"6":4,"7":0,"8":4,"9":0,"10":4,"11":0,"12":0,"13":0,"14":0,"15":4},"f":{"0":0,"1":0,"2":0},"b":{},"_coverageSchema":"1a1c01bbd47fc00a2c39e90264f33305004495a9","hash":"55548b587a8ba82d88a987dbc2004f50d9666698"}
,"C:\\Users\\ADMIN\\Desktop\\filmCrate\\models\\Watchlist.js": {"path":"C:\\Users\\ADMIN\\Desktop\\filmCrate\\models\\Watchlist.js","statementMap":{"0":{"start":{"line":1,"column":17},"end":{"line":1,"column":36}},"1":{"start":{"line":2,"column":15},"end":{"line":2,"column":30}},"2":{"start":{"line":3,"column":13},"end":{"line":3,"column":30}},"3":{"start":{"line":5,"column":27},"end":{"line":11,"column":2}},"4":{"start":{"line":14,"column":24},"end":{"line":29,"column":2}},"5":{"start":{"line":31,"column":18},"end":{"line":31,"column":62}},"6":{"start":{"line":33,"column":0},"end":{"line":33,"column":27}}},"fnMap":{},"branchMap":{},"s":{"0":4,"1":4,"2":4,"3":4,"4":4,"5":4,"6":4},"f":{},"b":{},"_coverageSchema":"1a1c01bbd47fc00a2c39e90264f33305004495a9","hash":"af3baeb1b1a1d8bb6d0a79bd2dd13b8c986691a6"}
,"C:\\Users\\ADMIN\\Desktop\\filmCrate\\routes\\movie-routes.js": {"path":"C:\\Users\\ADMIN\\Desktop\\filmCrate\\routes\\movie-routes.js","statementMap":{"0":{"start":{"line":1,"column":16},"end":{"line":1,"column":34}},"1":{"start":{"line":2,"column":15},"end":{"line":2,"column":31}},"2":{"start":{"line":3,"column":24},"end":{"line":3,"column":66}},"3":{"start":{"line":6,"column":0},"end":{"line":6,"column":59}},"4":{"start":{"line":9,"column":0},"end":{"line":9,"column":57}},"5":{"start":{"line":12,"column":0},"end":{"line":12,"column":60}},"6":{"start":{"line":15,"column":0},"end":{"line":15,"column":52}},"7":{"start":{"line":18,"column":0},"end":{"line":18,"column":64}},"8":{"start":{"line":20,"column":0},"end":{"line":20,"column":24}}},"fnMap":{},"branchMap":{},"s":{"0":4,"1":4,"2":4,"3":4,"4":4,"5":4,"6":4,"7":4,"8":4},"f":{},"b":{},"_coverageSchema":"1a1c01bbd47fc00a2c39e90264f33305004495a9","hash":"b1a4f8b2e31dfade50ad38dfcb0c959b2dd45b38"}
,"C:\\Users\\ADMIN\\Desktop\\filmCrate\\routes\\review-routes.js": {"path":"C:\\Users\\ADMIN\\Desktop\\filmCrate\\routes\\review-routes.js","statementMap":{"0":{"start":{"line":1,"column":16},"end":{"line":1,"column":34}},"1":{"start":{"line":2,"column":15},"end":{"line":2,"column":31}},"2":{"start":{"line":3,"column":24},"end":{"line":3,"column":67}},"3":{"start":{"line":6,"column":0},"end":{"line":6,"column":60}},"4":{"start":{"line":9,"column":0},"end":{"line":9,"column":72}},"5":{"start":{"line":12,"column":0},"end":{"line":12,"column":75}},"6":{"start":{"line":15,"column":0},"end":{"line":15,"column":60}},"7":{"start":{"line":18,"column":0},"end":{"line":18,"column":69}},"8":{"start":{"line":21,"column":0},"end":{"line":21,"column":76}},"9":{"start":{"line":24,"column":0},"end":{"line":24,"column":80}},"10":{"start":{"line":26,"column":0},"end":{"line":26,"column":24}}},"fnMap":{},"branchMap":{},"s":{"0":4,"1":4,"2":4,"3":4,"4":4,"5":4,"6":4,"7":4,"8":4,"9":4,"10":4},"f":{},"b":{},"_coverageSchema":"1a1c01bbd47fc00a2c39e90264f33305004495a9","hash":"a8e19a226f918e0c5430e427dc5b6dc0950d0fca"}
,"C:\\Users\\ADMIN\\Desktop\\filmCrate\\routes\\user-routes.js": {"path":"C:\\Users\\ADMIN\\Desktop\\filmCrate\\routes\\user-routes.js","statementMap":{"0":{"start":{"line":1,"column":16},"end":{"line":1,"column":34}},"1":{"start":{"line":2,"column":15},"end":{"line":2,"column":34}},"2":{"start":{"line":3,"column":12},"end":{"line":3,"column":35}},"3":{"start":{"line":4,"column":15},"end":{"line":4,"column":31}},"4":{"start":{"line":5,"column":13},"end":{"line":5,"column":38}},"5":{"start":{"line":6,"column":23},"end":{"line":6,"column":64}},"6":{"start":{"line":7,"column":23},"end":{"line":7,"column":53}},"7":{"start":{"line":8,"column":15},"end":{"line":8,"column":48}},"8":{"start":{"line":10,"column":0},"end":{"line":10,"column":54}},"9":{"start":{"line":12,"column":0},"end":{"line":12,"column":48}},"10":{"start":{"line":15,"column":0},"end":{"line":15,"column":59}},"11":{"start":{"line":18,"column":0},"end":{"line":18,"column":76}},"12":{"start":{"line":21,"column":0},"end":{"line":21,"column":74}},"13":{"start":{"line":24,"column":0},"end":{"line":24,"column":74}},"14":{"start":{"line":30,"column":0},"end":{"line":30,"column":24}}},"fnMap":{},"branchMap":{},"s":{"0":4,"1":4,"2":4,"3":4,"4":4,"5":4,"6":4,"7":4,"8":4,"9":4,"10":4,"11":4,"12":4,"13":4,"14":4},"f":{},"b":{},"_coverageSchema":"1a1c01bbd47fc00a2c39e90264f33305004495a9","hash":"b3bab00d9ec7c5c8eb2385cd5c5a8f5bab588739"}
,"C:\\Users\\ADMIN\\Desktop\\filmCrate\\routes\\watchlist_routes.js": {"path":"C:\\Users\\ADMIN\\Desktop\\filmCrate\\routes\\watchlist_routes.js","statementMap":{"0":{"start":{"line":1,"column":16},"end":{"line":1,"column":34}},"1":{"start":{"line":2,"column":15},"end":{"line":2,"column":31}},"2":{"start":{"line":3,"column":28},"end":{"line":3,"column":74}},"3":{"start":{"line":4,"column":23},"end":{"line":4,"column":53}},"4":{"start":{"line":7,"column":0},"end":{"line":7,"column":50}},"5":{"start":{"line":10,"column":0},"end":{"line":10,"column":56}},"6":{"start":{"line":13,"column":0},"end":{"line":13,"column":63}},"7":{"start":{"line":15,"column":0},"end":{"line":15,"column":24}}},"fnMap":{},"branchMap":{},"s":{"0":4,"1":4,"2":4,"3":4,"4":4,"5":4,"6":4,"7":4},"f":{},"b":{},"_coverageSchema":"1a1c01bbd47fc00a2c39e90264f33305004495a9","hash":"19013c9cf104853279e63b3e54c7bc15dce8d352"}
}
