TN:
SF:app.js
FN:19,(anonymous_0)
FN:22,(anonymous_1)
FN:31,(anonymous_2)
FN:44,(anonymous_3)
FN:52,(anonymous_4)
FN:64,oo_cm
FN:64,oo_oo
FN:64,oo_tr
FN:64,oo_ts
FN:64,oo_te
FNF:10
FNH:3
FNDA:4,(anonymous_0)
FNDA:0,(anonymous_1)
FNDA:0,(anonymous_2)
FNDA:0,(anonymous_3)
FNDA:0,(anonymous_4)
FNDA:4,oo_cm
FNDA:4,oo_oo
FNDA:0,oo_tr
FNDA:0,oo_ts
FNDA:0,oo_te
DA:1,4
DA:2,4
DA:3,4
DA:4,4
DA:5,4
DA:6,4
DA:7,4
DA:8,4
DA:9,4
DA:13,4
DA:17,4
DA:20,4
DA:22,0
DA:24,4
DA:26,4
DA:28,4
DA:29,4
DA:31,4
DA:32,0
DA:35,4
DA:37,4
DA:39,4
DA:41,4
DA:44,4
DA:45,0
DA:46,0
DA:47,0
DA:48,0
DA:52,4
DA:53,0
DA:57,4
DA:64,4
LF:32
LH:25
BRDA:13,0,0,4
BRDA:13,0,1,0
BRDA:46,1,0,0
BRDA:46,1,1,0
BRDA:47,2,0,0
BRDA:47,2,1,0
BRDA:64,3,0,4
BRDA:64,3,1,4
BRF:8
BRH:3
end_of_record
TN:
SF:controllers\movie_controller.js
FN:9,(anonymous_0)
FN:21,(anonymous_1)
FN:33,(anonymous_2)
FN:44,(anonymous_3)
FN:69,(anonymous_4)
FN:76,(anonymous_5)
FN:96,(anonymous_6)
FN:102,(anonymous_7)
FN:104,(anonymous_8)
FN:130,(anonymous_9)
FNF:10
FNH:9
FNDA:1,(anonymous_0)
FNDA:1,(anonymous_1)
FNDA:1,(anonymous_2)
FNDA:1,(anonymous_3)
FNDA:23,(anonymous_4)
FNDA:20,(anonymous_5)
FNDA:1,(anonymous_6)
FNDA:1,(anonymous_7)
FNDA:0,(anonymous_8)
FNDA:1,(anonymous_9)
DA:1,4
DA:2,4
DA:3,4
DA:5,4
DA:6,4
DA:9,4
DA:10,1
DA:11,1
DA:14,1
DA:16,0
DA:21,4
DA:22,1
DA:23,1
DA:26,1
DA:28,0
DA:33,4
DA:34,1
DA:35,1
DA:38,1
DA:40,0
DA:44,4
DA:45,1
DA:46,1
DA:47,1
DA:49,1
DA:52,1
DA:68,1
DA:69,23
DA:76,20
DA:83,1
DA:94,1
DA:96,1
DA:102,1
DA:104,0
DA:108,0
DA:112,0
DA:125,1
DA:130,4
DA:131,1
DA:132,1
DA:134,1
DA:137,1
DA:139,0
DA:144,4
LF:44
LH:37
BRDA:46,0,0,1
BRDA:46,0,1,0
BRDA:71,1,0,19
BRDA:71,1,1,4
BRDA:78,2,0,19
BRDA:78,2,1,1
BRDA:85,3,0,1
BRDA:85,3,1,0
BRDA:88,4,0,1
BRDA:88,4,1,0
BRDA:94,5,0,1
BRDA:94,5,1,0
BRDA:105,6,0,1
BRDA:105,6,1,0
BRF:14
BRH:9
end_of_record
TN:
SF:controllers\review-controller.js
FN:5,(anonymous_0)
FN:31,(anonymous_1)
FN:58,(anonymous_2)
FN:74,(anonymous_3)
FN:88,(anonymous_4)
FN:91,(anonymous_5)
FN:95,(anonymous_6)
FN:110,(anonymous_7)
FN:129,(anonymous_8)
FN:159,(anonymous_9)
FNF:10
FNH:6
FNDA:2,(anonymous_0)
FNDA:2,(anonymous_1)
FNDA:2,(anonymous_2)
FNDA:0,(anonymous_3)
FNDA:0,(anonymous_4)
FNDA:0,(anonymous_5)
FNDA:0,(anonymous_6)
FNDA:2,(anonymous_7)
FNDA:1,(anonymous_8)
FNDA:1,(anonymous_9)
DA:1,4
DA:2,4
DA:5,4
DA:6,2
DA:7,2
DA:8,2
DA:9,2
DA:11,2
DA:19,2
DA:21,1
DA:26,1
DA:31,4
DA:32,2
DA:33,2
DA:34,2
DA:36,2
DA:38,2
DA:39,1
DA:42,1
DA:43,1
DA:44,1
DA:46,1
DA:48,1
DA:53,0
DA:58,4
DA:59,2
DA:60,2
DA:62,2
DA:64,2
DA:65,1
DA:68,1
DA:70,0
DA:74,4
DA:75,0
DA:76,0
DA:77,0
DA:80,0
DA:83,0
DA:86,0
DA:87,0
DA:88,0
DA:91,0
DA:95,0
DA:101,0
DA:105,0
DA:110,4
DA:111,2
DA:112,2
DA:114,2
DA:116,1
DA:117,0
DA:120,1
DA:124,1
DA:129,4
DA:130,1
DA:131,1
DA:132,1
DA:134,1
DA:136,1
DA:137,0
DA:140,1
DA:142,1
DA:143,0
DA:146,1
DA:147,1
DA:149,1
DA:154,0
DA:159,4
DA:160,1
DA:161,1
DA:162,1
DA:164,1
DA:166,1
DA:167,0
DA:170,1
DA:172,1
DA:173,0
DA:176,1
DA:177,1
DA:178,1
DA:180,1
DA:185,0
DA:190,4
LF:83
LH:62
BRDA:38,0,0,1
BRDA:38,0,1,1
BRDA:64,1,0,1
BRDA:64,1,1,1
BRDA:77,2,0,0
BRDA:77,2,1,0
BRDA:86,3,0,0
BRDA:86,3,1,0
BRDA:116,4,0,0
BRDA:116,4,1,1
BRDA:136,5,0,0
BRDA:136,5,1,1
BRDA:142,6,0,0
BRDA:142,6,1,1
BRDA:166,7,0,0
BRDA:166,7,1,1
BRDA:172,8,0,0
BRDA:172,8,1,1
BRF:18
BRH:9
end_of_record
TN:
SF:controllers\user-controller.js
FN:6,(anonymous_0)
FN:9,(anonymous_1)
FN:13,(anonymous_2)
FN:25,(anonymous_3)
FN:34,(anonymous_4)
FN:37,(anonymous_5)
FN:41,(anonymous_6)
FN:57,(anonymous_7)
FN:69,(anonymous_8)
FN:95,(anonymous_9)
FN:141,(anonymous_10)
FN:151,(anonymous_11)
FN:157,(anonymous_12)
FN:166,(anonymous_13)
FN:218,oo_cm
FN:218,oo_oo
FN:218,oo_tr
FN:218,oo_ts
FN:218,oo_te
FNF:19
FNH:13
FNDA:5,(anonymous_0)
FNDA:5,(anonymous_1)
FNDA:2,(anonymous_2)
FNDA:2,(anonymous_3)
FNDA:10,(anonymous_4)
FNDA:10,(anonymous_5)
FNDA:9,(anonymous_6)
FNDA:8,(anonymous_7)
FNDA:1,(anonymous_8)
FNDA:1,(anonymous_9)
FNDA:1,(anonymous_10)
FNDA:1,(anonymous_11)
FNDA:0,(anonymous_12)
FNDA:1,(anonymous_13)
FNDA:0,oo_cm
FNDA:0,oo_oo
FNDA:0,oo_tr
FNDA:0,oo_ts
FNDA:0,oo_te
DA:1,4
DA:2,4
DA:4,4
DA:6,4
DA:7,5
DA:8,5
DA:10,5
DA:11,3
DA:13,2
DA:14,2
DA:15,0
DA:17,2
DA:23,2
DA:26,2
DA:34,4
DA:35,10
DA:36,10
DA:38,10
DA:39,1
DA:41,9
DA:42,9
DA:43,0
DA:45,9
DA:46,1
DA:48,8
DA:53,8
DA:58,8
DA:59,0
DA:61,8
DA:69,4
DA:70,1
DA:71,1
DA:73,1
DA:74,1
DA:75,0
DA:78,1
DA:81,1
DA:86,1
DA:91,0
DA:95,4
DA:96,1
DA:97,1
DA:99,1
DA:101,1
DA:102,1
DA:103,0
DA:107,1
DA:108,1
DA:109,0
DA:113,1
DA:114,0
DA:120,1
DA:121,0
DA:127,1
DA:130,1
DA:133,1
DA:135,1
DA:137,0
DA:141,4
DA:142,1
DA:143,0
DA:147,1
DA:148,1
DA:150,1
DA:152,1
DA:158,0
DA:159,0
DA:166,4
DA:167,1
DA:168,1
DA:170,1
DA:171,1
DA:172,1
DA:173,0
DA:177,1
DA:178,1
DA:181,1
DA:182,0
DA:184,1
DA:186,1
DA:187,1
DA:188,1
DA:189,0
DA:191,1
DA:195,1
DA:197,1
DA:199,0
DA:204,4
DA:218,0
LF:89
LH:71
BRDA:10,0,0,3
BRDA:10,0,1,2
BRDA:14,1,0,0
BRDA:14,1,1,2
BRDA:38,2,0,1
BRDA:38,2,1,9
BRDA:42,3,0,0
BRDA:42,3,1,9
BRDA:45,4,0,1
BRDA:45,4,1,8
BRDA:58,5,0,0
BRDA:58,5,1,8
BRDA:74,6,0,0
BRDA:74,6,1,1
BRDA:78,7,0,1
BRDA:78,7,1,0
BRDA:102,8,0,0
BRDA:102,8,1,1
BRDA:108,9,0,0
BRDA:108,9,1,1
BRDA:113,10,0,0
BRDA:113,10,1,1
BRDA:120,11,0,0
BRDA:120,11,1,1
BRDA:142,12,0,0
BRDA:142,12,1,1
BRDA:172,13,0,0
BRDA:172,13,1,1
BRDA:177,14,0,1
BRDA:177,14,1,0
BRDA:177,15,0,1
BRDA:177,15,1,1
BRDA:177,15,2,1
BRDA:181,16,0,0
BRDA:181,16,1,1
BRDA:186,17,0,1
BRDA:186,17,1,0
BRDA:186,18,0,1
BRDA:186,18,1,1
BRDA:186,18,2,1
BRDA:188,19,0,0
BRDA:188,19,1,1
BRDA:218,20,0,0
BRDA:218,20,1,0
BRF:44
BRH:27
end_of_record
TN:
SF:controllers\watchlist_controller.js
FN:7,(anonymous_0)
FN:21,(anonymous_1)
FN:57,(anonymous_2)
FN:71,(anonymous_3)
FNF:4
FNH:4
FNDA:1,(anonymous_0)
FNDA:1,(anonymous_1)
FNDA:1,(anonymous_2)
FNDA:1,(anonymous_3)
DA:1,4
DA:2,4
DA:3,4
DA:4,4
DA:7,4
DA:8,1
DA:9,1
DA:11,1
DA:13,1
DA:15,0
DA:21,4
DA:22,1
DA:23,1
DA:24,1
DA:26,1
DA:28,1
DA:32,1
DA:34,1
DA:35,0
DA:38,1
DA:44,1
DA:45,1
DA:47,1
DA:49,1
DA:51,0
DA:57,4
DA:58,1
DA:59,1
DA:60,1
DA:62,1
DA:64,1
DA:65,0
DA:68,1
DA:71,1
DA:72,1
DA:74,1
DA:76,0
DA:80,4
LF:38
LH:33
BRDA:34,0,0,0
BRDA:34,0,1,1
BRDA:64,1,0,0
BRDA:64,1,1,1
BRDA:71,2,0,1
BRDA:71,2,1,1
BRF:6
BRH:4
end_of_record
TN:
SF:middlewares\auth.js
FN:3,(anonymous_0)
FN:8,(anonymous_1)
FN:23,oo_cm
FN:23,oo_oo
FN:23,oo_tr
FN:23,oo_ts
FN:23,oo_te
FNF:7
FNH:4
FNDA:35,(anonymous_0)
FNDA:32,(anonymous_1)
FNDA:32,oo_cm
FNDA:32,oo_oo
FNDA:0,oo_tr
FNDA:0,oo_ts
FNDA:0,oo_te
DA:1,4
DA:3,4
DA:4,35
DA:5,35
DA:6,32
DA:8,32
DA:9,32
DA:10,32
DA:11,32
DA:13,32
DA:16,4
DA:23,32
LF:12
LH:12
BRDA:5,0,0,3
BRDA:5,0,1,32
BRDA:9,1,0,0
BRDA:9,1,1,32
BRDA:23,2,0,32
BRDA:23,2,1,0
BRF:6
BRH:4
end_of_record
TN:
SF:middlewares\uploads.js
FN:6,(anonymous_0)
FN:9,(anonymous_1)
FN:15,(anonymous_2)
FNF:3
FNH:3
FNDA:1,(anonymous_0)
FNDA:1,(anonymous_1)
FNDA:1,(anonymous_2)
DA:1,4
DA:2,4
DA:3,4
DA:5,4
DA:7,1
DA:10,1
DA:11,1
DA:15,4
DA:16,1
DA:17,0
DA:19,1
DA:22,4
DA:28,4
LF:13
LH:12
BRDA:16,0,0,0
BRDA:16,0,1,1
BRF:2
BRH:1
end_of_record
TN:
SF:models\Review.js
FNF:0
FNH:0
DA:1,4
DA:2,4
DA:3,4
DA:5,4
DA:36,4
DA:38,4
LF:6
LH:6
BRF:0
BRH:0
end_of_record
TN:
SF:models\User.js
FN:42,(anonymous_0)
FN:50,(anonymous_1)
FN:55,(anonymous_2)
FNF:3
FNH:0
FNDA:0,(anonymous_0)
FNDA:0,(anonymous_1)
FNDA:0,(anonymous_2)
DA:1,4
DA:2,4
DA:3,4
DA:4,4
DA:5,4
DA:8,4
DA:42,4
DA:43,0
DA:50,4
DA:51,0
DA:55,4
DA:57,0
DA:60,0
DA:66,0
DA:68,0
DA:72,4
LF:16
LH:10
BRF:0
BRH:0
end_of_record
TN:
SF:models\Watchlist.js
FNF:0
FNH:0
DA:1,4
DA:2,4
DA:3,4
DA:5,4
DA:14,4
DA:31,4
DA:33,4
LF:7
LH:7
BRF:0
BRH:0
end_of_record
TN:
SF:routes\movie-routes.js
FNF:0
FNH:0
DA:1,4
DA:2,4
DA:3,4
DA:6,4
DA:9,4
DA:12,4
DA:15,4
DA:18,4
DA:20,4
LF:9
LH:9
BRF:0
BRH:0
end_of_record
TN:
SF:routes\review-routes.js
FNF:0
FNH:0
DA:1,4
DA:2,4
DA:3,4
DA:6,4
DA:9,4
DA:12,4
DA:15,4
DA:18,4
DA:21,4
DA:24,4
DA:26,4
LF:11
LH:11
BRF:0
BRH:0
end_of_record
TN:
SF:routes\user-routes.js
FNF:0
FNH:0
DA:1,4
DA:2,4
DA:3,4
DA:4,4
DA:5,4
DA:6,4
DA:7,4
DA:8,4
DA:10,4
DA:12,4
DA:15,4
DA:18,4
DA:21,4
DA:24,4
DA:30,4
LF:15
LH:15
BRF:0
BRH:0
end_of_record
TN:
SF:routes\watchlist_routes.js
FNF:0
FNH:0
DA:1,4
DA:2,4
DA:3,4
DA:4,4
DA:7,4
DA:10,4
DA:13,4
DA:15,4
LF:8
LH:8
BRF:0
BRH:0
end_of_record
